[00:05:13] [Server thread/INFO]: Mirindiwis has made the advancement [Acquire Hardware]
[00:06:28] [Server thread/INFO]: Nyehtz was shot by Monster Guard
[00:06:33] [Server thread/INFO]: Mirindiwis was shot by Monster Guard
[00:06:44] [Server thread/INFO]: Nyehtz was slain by Monster Guard
[00:06:55] [Server thread/INFO]: Nyehtz was slain by Monster Guard
[00:07:05] [Server thread/INFO]: Nyehtz was slain by Monster Guard
[00:09:02] [Server thread/INFO]: Mirindiwis lost connection: Disconnected
[00:09:02] [Server thread/INFO]: Mirindiwis left the game
[00:09:06] [Server thread/INFO]: Nyehtz lost connection: Disconnected
[00:09:06] [Server thread/INFO]: Nyehtz left the game
[00:09:13] [Server thread/INFO]: Stopping the server
[00:09:13] [Server thread/INFO]: Stopping server
[00:09:13] [Server thread/INFO]: Saving players
[00:09:13] [Server thread/INFO]: Saving worlds
[00:09:13] [Server thread/INFO]: Saving chunks for level 'ServerLevel[§6OneBlock§7 (1.21.5)]'/minecraft:overworld
[00:09:14] [Server thread/INFO]: Saving chunks for level 'ServerLevel[§6OneBlock§7 (1.21.5)]'/minecraft:the_nether
[00:09:14] [Server thread/INFO]: Saving chunks for level 'ServerLevel[§6OneBlock§7 (1.21.5)]'/minecraft:the_end
[00:09:14] [Server thread/INFO]: ThreadedAnvilChunkStorage (world): All chunks are saved
[00:09:14] [Server thread/INFO]: ThreadedAnvilChunkStorage (DIM-1): All chunks are saved
[00:09:14] [Server thread/INFO]: ThreadedAnvilChunkStorage (DIM1): All chunks are saved
[00:09:14] [Server thread/INFO]: ThreadedAnvilChunkStorage: All dimensions are saved
